Mon Jan 23 2023 12:34:00 GMT+0530 (India Standard Time) - POST -/users 
Mon Jan 23 2023 12:37:04 GMT+0530 (India Standard Time) - POST -/coaches 
Mon Jan 23 2023 13:28:47 GMT+0530 (India Standard Time) - POST -/coaches 
Thu Jan 26 2023 13:26:17 GMT+0530 (India Standard Time) - OPTIONS -/coaches 
Thu Jan 26 2023 13:29:06 GMT+0530 (India Standard Time) - POST -/coaches 
Sun Aug 13 2023 12:36:52 GMT+0530 (India Standard Time) - GET -/api/auth/login 
Sun Aug 13 2023 12:36:53 GMT+0530 (India Standard Time) - GET -/api/auth/login 
Sun Aug 13 2023 12:36:53 GMT+0530 (India Standard Time) - GET -/favicon.ico 
Sun Aug 13 2023 12:42:56 GMT+0530 (India Standard Time) - POST -/coaches 
Sun Aug 13 2023 12:43:57 GMT+0530 (India Standard Time) - POST -/coaches 
Sun Aug 13 2023 12:47:39 GMT+0530 (India Standard Time) - POST -/coaches 
Sun Aug 13 2023 12:55:34 GMT+0530 (India Standard Time) - POST -/coaches 
Sun Aug 13 2023 12:55:53 GMT+0530 (India Standard Time) - POST -/coaches 
Sun Aug 13 2023 13:03:52 GMT+0530 (India Standard Time) - POST -/coaches 
Sun Aug 13 2023 13:04:57 GMT+0530 (India Standard Time) - POST -/coaches 
Sun Aug 13 2023 13:05:11 GMT+0530 (India Standard Time) - POST -/coaches 
Sun Aug 13 2023 13:10:07 GMT+0530 (India Standard Time) - POST -/coaches 
Sun Aug 13 2023 13:11:49 GMT+0530 (India Standard Time) - POST -/coaches 
Mon Sep 18 2023 14:33:40 GMT+0530 (India Standard Time) - POST -/coaches 
Mon Sep 18 2023 14:49:33 GMT+0530 (India Standard Time) - POST -/coaches 
Mon Sep 18 2023 15:00:57 GMT+0530 (India Standard Time) - POST -/coaches 
Mon Sep 18 2023 15:01:00 GMT+0530 (India Standard Time) - POST -/coaches 
Mon Sep 18 2023 15:01:34 GMT+0530 (India Standard Time) - POST -/coaches 
Mon Sep 18 2023 15:01:35 GMT+0530 (India Standard Time) - POST -/coaches 
Mon Sep 18 2023 15:03:42 GMT+0530 (India Standard Time) - POST -/coaches 
Mon Sep 18 2023 15:03:45 GMT+0530 (India Standard Time) - POST -/coaches 
Mon Sep 18 2023 15:03:57 GMT+0530 (India Standard Time) - POST -/coaches 
Mon Sep 18 2023 15:04:24 GMT+0530 (India Standard Time) - POST -/coaches 
Mon Sep 18 2023 15:05:01 GMT+0530 (India Standard Time) - POST -/coaches 
Mon Sep 18 2023 15:06:19 GMT+0530 (India Standard Time) - POST -/coaches 
Mon Sep 18 2023 15:08:52 GMT+0530 (India Standard Time) - POST -/coaches 
Mon Sep 18 2023 15:16:31 GMT+0530 (India Standard Time) - POST -/coaches 
Thu Sep 28 2023 20:30:17 GMT+0530 (India Standard Time) - POST -/coaches 
Thu Sep 28 2023 20:30:38 GMT+0530 (India Standard Time) - POST -/coaches 
Thu Sep 28 2023 20:32:00 GMT+0530 (India Standard Time) - POST -/coaches 
Thu Sep 28 2023 20:33:56 GMT+0530 (India Standard Time) - POST -/coaches 
Thu Sep 28 2023 20:41:18 GMT+0530 (India Standard Time) - POST -/coaches 
Thu Sep 28 2023 20:42:14 GMT+0530 (India Standard Time) - POST -/coaches 
Thu Sep 28 2023 20:43:46 GMT+0530 (India Standard Time) - POST -/coaches 
Thu Sep 28 2023 20:53:22 GMT+0530 (India Standard Time) - POST -/coaches 
Thu Sep 28 2023 20:53:54 GMT+0530 (India Standard Time) - POST -/coaches 
Thu Sep 28 2023 20:54:00 GMT+0530 (India Standard Time) - POST -/coaches 
Thu Sep 28 2023 20:54:34 GMT+0530 (India Standard Time) - POST -/coaches 
Thu Sep 28 2023 20:55:35 GMT+0530 (India Standard Time) - POST -/coaches 
Sun Oct 29 2023 12:03:34 GMT+0530 (India Standard Time) - POST -/coaches 
Sun Oct 29 2023 12:03:57 GMT+0530 (India Standard Time) - POST -/coaches 
Sun Oct 29 2023 12:06:08 GMT+0530 (India Standard Time) - POST -/coaches 
Sun Oct 29 2023 12:07:36 GMT+0530 (India Standard Time) - POST -/coaches 
Sun Oct 29 2023 12:08:10 GMT+0530 (India Standard Time) - POST -/coaches 
Sun Oct 29 2023 12:09:00 GMT+0530 (India Standard Time) - POST -/coaches 
Sun Oct 29 2023 12:09:06 GMT+0530 (India Standard Time) - POST -/coaches 
Sun Oct 29 2023 12:17:46 GMT+0530 (India Standard Time) - POST -/coaches 
Sun Oct 29 2023 12:19:15 GMT+0530 (India Standard Time) - GET -/coaches?id=CI-0000&password=fddsdfdv 
Sun Oct 29 2023 12:19:17 GMT+0530 (India Standard Time) - GET -/coaches?id=CI-0000&password=fddsdfdv 
Sun Oct 29 2023 12:19:17 GMT+0530 (India Standard Time) - GET -/coaches?id=CI-0000&password=fddsdfdv 
Sun Oct 29 2023 12:19:17 GMT+0530 (India Standard Time) - GET -/favicon.ico 
Sun Oct 29 2023 12:24:06 GMT+0530 (India Standard Time) - GET -/coaches?id=CI-0000&password=fddsdfdv 
Sun Oct 29 2023 12:26:05 GMT+0530 (India Standard Time) - GET -/coaches?coachId=CI-0000&password=fddsdfdv 
Sun Oct 29 2023 12:27:38 GMT+0530 (India Standard Time) - POST -/coaches/login 
Sun Oct 29 2023 12:36:30 GMT+0530 (India Standard Time) - GET -/coaches?coachId=CI-0000&password=fddsdfdv 
Sun Oct 29 2023 12:36:47 GMT+0530 (India Standard Time) - GET -/coaches?coachId=CI-0000&password=fddsdfdv 
Sun Oct 29 2023 12:36:48 GMT+0530 (India Standard Time) - GET -/coaches?coachId=CI-0000&password=fddsdfdv 
Sun Oct 29 2023 12:36:54 GMT+0530 (India Standard Time) - GET -/coaches?coachId=CI-0000&password=fddsdfdv 
Sun Oct 29 2023 12:39:33 GMT+0530 (India Standard Time) - GET -/coaches?coachId=CI-0000&passwordfddsdfdv 
Sun Oct 29 2023 12:40:17 GMT+0530 (India Standard Time) - GET -/coaches?coachId=CI-0000&password=fddsdfdv 
Sun Oct 29 2023 12:40:28 GMT+0530 (India Standard Time) - GET -/coaches?coachId=CI-0000&password=fddsdfdv 
Sun Oct 29 2023 12:40:48 GMT+0530 (India Standard Time) - POST -/coaches/login 
Sun Oct 29 2023 12:41:25 GMT+0530 (India Standard Time) - POST -/coaches/login 
Sun Oct 29 2023 12:41:41 GMT+0530 (India Standard Time) - POST -/coaches/login 
Sun Oct 29 2023 12:42:36 GMT+0530 (India Standard Time) - GET -/coaches?coachId=CI-0000&password=fddsdfdv 
Sun Oct 29 2023 12:42:36 GMT+0530 (India Standard Time) - GET -/coaches?coachId=CI-0000&password=fddsdfdv 
Sun Oct 29 2023 12:42:55 GMT+0530 (India Standard Time) - GET -/coaches?coachId=CI-0000&password=fddsdfdv 
Sun Oct 29 2023 12:43:40 GMT+0530 (India Standard Time) - GET -/coaches/login?coachId=CI-0000&password=fddsdfdv 
Sun Oct 29 2023 12:43:40 GMT+0530 (India Standard Time) - GET -/bookings/?coachesId 
Sun Oct 29 2023 12:43:40 GMT+0530 (India Standard Time) - GET -/bookings/?coachesId 
Sun Oct 29 2023 12:45:17 GMT+0530 (India Standard Time) - GET -/coaches/login?coachId=CI-0000&password=fddsdfdv 
Sun Oct 29 2023 12:45:17 GMT+0530 (India Standard Time) - GET -/bookings/?coachesId 
Sun Oct 29 2023 12:45:17 GMT+0530 (India Standard Time) - GET -/bookings/?coachesId 
Sun Oct 29 2023 12:56:55 GMT+0530 (India Standard Time) - POST -/coaches/login 
Sun Oct 29 2023 12:59:22 GMT+0530 (India Standard Time) - POST -/coaches/login?coachId=CI-0000&password=fddsdfdv 
Sun Oct 29 2023 13:00:42 GMT+0530 (India Standard Time) - POST -/coaches/login?coachId=CI-0000&password=fddsdfdv 
Sun Oct 29 2023 19:28:14 GMT+0530 (India Standard Time) - POST -/users 
Sun Oct 29 2023 19:31:32 GMT+0530 (India Standard Time) - POST -/users 
Sun Oct 29 2023 19:32:25 GMT+0530 (India Standard Time) - POST -/users 
Sun Oct 29 2023 19:33:23 GMT+0530 (India Standard Time) - POST -/users 
Sun Oct 29 2023 19:36:15 GMT+0530 (India Standard Time) - POST -/users 
Sun Oct 29 2023 19:37:22 GMT+0530 (India Standard Time) - POST -/users 
Mon Oct 30 2023 10:48:37 GMT+0530 (India Standard Time) - POST -/coaches 
Mon Oct 30 2023 10:54:10 GMT+0530 (India Standard Time) - POST -/coaches 
Mon Oct 30 2023 10:57:09 GMT+0530 (India Standard Time) - POST -/coaches 
Mon Oct 30 2023 10:59:02 GMT+0530 (India Standard Time) - POST -/coaches 
Mon Oct 30 2023 10:59:20 GMT+0530 (India Standard Time) - POST -/coaches 
Mon Oct 30 2023 11:04:27 GMT+0530 (India Standard Time) - POST -/coaches 
Mon Oct 30 2023 11:05:42 GMT+0530 (India Standard Time) - POST -/coaches 
Mon Oct 30 2023 11:05:58 GMT+0530 (India Standard Time) - POST -/coaches 
Mon Oct 30 2023 11:07:58 GMT+0530 (India Standard Time) - POST -/users 
Mon Oct 30 2023 11:27:00 GMT+0530 (India Standard Time) - POST -/users 
Mon Jan 08 2024 15:20:36 GMT+0530 (India Standard Time) - POST -/coaches 
Mon Jan 08 2024 15:21:17 GMT+0530 (India Standard Time) - POST -/coaches 
Mon Jan 08 2024 15:22:02 GMT+0530 (India Standard Time) - GET -/coaches/login?coachId=dfdsdfd&password=123456 
Mon Jan 08 2024 15:22:03 GMT+0530 (India Standard Time) - GET -/bookings/?coachesId 
Mon Jan 08 2024 15:22:03 GMT+0530 (India Standard Time) - GET -/bookings/?coachesId 
Mon Jan 08 2024 15:23:59 GMT+0530 (India Standard Time) - POST -/users 
Mon Jan 08 2024 15:24:17 GMT+0530 (India Standard Time) - POST -/users 
Mon Jan 08 2024 15:24:17 GMT+0530 (India Standard Time) - POST -/users 
Mon Jan 08 2024 15:28:06 GMT+0530 (India Standard Time) - POST -/coaches 
Mon Jan 08 2024 15:50:24 GMT+0530 (India Standard Time) - POST -/coaches 
Mon Jan 08 2024 15:56:05 GMT+0530 (India Standard Time) - POST -/coaches 
Mon Jan 08 2024 15:57:02 GMT+0530 (India Standard Time) - POST -/coaches 
Mon Jan 08 2024 15:57:42 GMT+0530 (India Standard Time) - POST -/coaches 
Mon Jan 08 2024 16:00:45 GMT+0530 (India Standard Time) - POST -/coaches 
Mon Jan 08 2024 16:03:18 GMT+0530 (India Standard Time) - POST -/coaches 
Mon Jan 08 2024 16:04:20 GMT+0530 (India Standard Time) - POST -/coaches 
Mon Jan 08 2024 16:04:33 GMT+0530 (India Standard Time) - POST -/coaches 
Mon Jan 08 2024 16:05:14 GMT+0530 (India Standard Time) - POST -/coaches 
Mon Jan 08 2024 16:20:17 GMT+0530 (India Standard Time) - POST -/coaches 
Mon Jan 08 2024 16:22:48 GMT+0530 (India Standard Time) - POST -/coaches 
Mon Jan 08 2024 16:23:02 GMT+0530 (India Standard Time) - POST -/coaches 
Mon Jan 08 2024 16:48:48 GMT+0530 (India Standard Time) - GET -/coaches?id=CI-0000&password=Dummy 
Mon Jan 08 2024 16:49:35 GMT+0530 (India Standard Time) - GET -/coaches/login?id=CI-0000&password=Dummy 
Mon Jan 08 2024 17:25:00 GMT+0530 (India Standard Time) - POST -/coaches 
Wed Jan 10 2024 15:33:07 GMT+0530 (India Standard Time) - GET -/coaches/login?id=ssaas&password=ssasas 
Wed Jan 10 2024 15:36:11 GMT+0530 (India Standard Time) - GET -/coaches/login?id=ghhgh&password=hhhjjhj 
Wed Jan 10 2024 15:37:41 GMT+0530 (India Standard Time) - POST -/coaches/login?coachId=vvvvvvv&password=fddsdfdv 
Wed Jan 10 2024 15:39:14 GMT+0530 (India Standard Time) - POST -/coaches/login?coachId=CI-0000&password=dummy 
Wed Jan 10 2024 15:45:31 GMT+0530 (India Standard Time) - POST -/coaches/login?coachId=CI-0000&password=dummy 
Wed Jan 10 2024 15:46:51 GMT+0530 (India Standard Time) - POST -/coaches/login?coachId=CI-0000&password=dummy 
Wed Jan 10 2024 15:48:52 GMT+0530 (India Standard Time) - POST -/coaches/login?coachId=CI-0000&password=dummy 
Wed Jan 10 2024 15:49:08 GMT+0530 (India Standard Time) - POST -/coaches/login?coachId=adsda&password=dummy 
Wed Jan 10 2024 15:49:25 GMT+0530 (India Standard Time) - GET -/coaches/login?coachId=ghhgh&password=hhhjjhj 
Wed Jan 10 2024 15:49:46 GMT+0530 (India Standard Time) - GET -/coaches/login?coachId=asds&password=adasdsd 
Wed Jan 10 2024 15:51:37 GMT+0530 (India Standard Time) - GET -/coaches/login?coachId=asds&password=adasdsd 
Wed Jan 10 2024 15:53:00 GMT+0530 (India Standard Time) - POST -/coaches/login 
Wed Jan 10 2024 15:55:16 GMT+0530 (India Standard Time) - POST -/coaches/login 
Wed Jan 10 2024 15:55:43 GMT+0530 (India Standard Time) - POST -/coaches/login?coachId=CI-0000&password=dummy 
Wed Jan 10 2024 15:56:19 GMT+0530 (India Standard Time) - POST -/coaches/login?coachId=CI-0000&password=dummy 
Wed Jan 10 2024 18:35:47 GMT+0530 (India Standard Time) - POST -/coaches/login?coachId=CI-0000&password=dummy 
Wed Jan 10 2024 18:42:11 GMT+0530 (India Standard Time) - POST -/coaches/login?coachId=CI-0000&password=dummy 
Wed Jan 10 2024 18:42:25 GMT+0530 (India Standard Time) - POST -/coaches/login?coachId=asdsad&password=dummy 
Wed Jan 10 2024 18:46:30 GMT+0530 (India Standard Time) - POST -/coaches/login 
Wed Jan 10 2024 18:48:29 GMT+0530 (India Standard Time) - POST -/coaches/login 
Wed Jan 10 2024 18:50:37 GMT+0530 (India Standard Time) - POST -/coaches/login 
Wed Jan 10 2024 18:50:57 GMT+0530 (India Standard Time) - POST -/coaches/login 
Wed Jan 10 2024 18:51:23 GMT+0530 (India Standard Time) - POST -/coaches/login?coachId=CI-0000&password=dummy 
Wed Jan 10 2024 18:54:28 GMT+0530 (India Standard Time) - POST -/coaches/login?coachId=CI-0000&password=dummy 
Wed Jan 10 2024 18:56:09 GMT+0530 (India Standard Time) - POST -/coaches/login?coachId=CI-0000&password=dummy 
Wed Jan 10 2024 18:56:24 GMT+0530 (India Standard Time) - POST -/coaches/login?coachId=asasas&password=dummy 
